<?xml version="1.0" encoding="UTF-8"?>
<testsuite xmlns:xsi="http://www.w3.org/2001/XMLSchema-instance" xsi:noNamespaceSchemaLocation="https://maven.apache.org/surefire/maven-surefire-plugin/xsd/surefire-test-report.xsd" name="TestSuite" time="1.8" tests="19" errors="0" skipped="18" failures="1">
  <properties>
[...]
</properties>
  <testcase name="setup" classname="com.qa.TestCase.AmazonLoginPageTest" time="1.452">
    <failure message="The driver executable does not exist: C:\Automation\chromedriver_win32\chromedriver.exe" type="java.lang.IllegalStateException">java.lang.IllegalStateException: The driver executable does not exist: C:\Automation\chromedriver_win32\chromedriver.exe
	at com.qa.TestCase.AmazonLoginPageTest.setup(AmazonLoginPageTest.java:21)
</failure>
  </testcase>
  <testcase name="DashBoardIntialize" classname="com.qa.TestCase.CustomerHelpPageTest" time="0">
    <skipped/>
  </testcase>
  <testcase name="DashBoardIntialize" classname="com.qa.TestCase.CustomerHelpPageTest" time="0">
    <skipped/>
  </testcase>
  <testcase name="AmazonLogoTest" classname="com.qa.TestCase.AmazonLoginPageTest" time="0">
    <skipped message="The driver executable does not exist: C:\Automation\chromedriver_win32\chromedriver.exe"/>
  </testcase>
  <testcase name="getResult" classname="com.qa.TestCase.AmazonLoginPageTest" time="0">
    <skipped/>
    <system-out><![CDATA[===========================================================
Test Case is Skipped,Test Name is:	AmazonLogoTest
===========================================================
]]></system-out>
  </testcase>
  <testcase name="getResult" classname="com.qa.TestCase.AmazonLoginPageTest" time="0">
    <skipped/>
    <system-out><![CDATA[===========================================================
Test Case is Skipped,Test Name is:	ConsumerPortalTittle
===========================================================
]]></system-out>
  </testcase>
  <testcase name="getResult" classname="com.qa.TestCase.AmazonLoginPageTest" time="0">
    <skipped/>
    <system-out><![CDATA[===========================================================
Test Case is Skipped,Test Name is:	ConsumerLogoTest
===========================================================
]]></system-out>
  </testcase>
  <testcase name="ConsumerPortalTittle" classname="com.qa.TestCase.AmazonLoginPageTest" time="0">
    <skipped message="The driver executable does not exist: C:\Automation\chromedriver_win32\chromedriver.exe"/>
  </testcase>
  <testcase name="ConsumerLogoTest" classname="com.qa.TestCase.AmazonLoginPageTest" time="0">
    <skipped message="The driver executable does not exist: C:\Automation\chromedriver_win32\chromedriver.exe"/>
  </testcase>
  <testcase name="AmazonSearchPage" classname="com.qa.TestCase.DashBoardPageTest" time="0">
    <skipped message="The driver executable does not exist: C:\Automation\chromedriver_win32\chromedriver.exe"/>
  </testcase>
  <testcase name="getResult" classname="com.qa.TestCase.DashBoardPageTest" time="0">
    <skipped/>
    <system-out><![CDATA[===========================================================
Test Case is Skipped,Test Name is:	AmazonSearchPage
===========================================================
]]></system-out>
  </testcase>
  <testcase name="getResult" classname="com.qa.TestCase.DashBoardPageTest" time="0">
    <skipped/>
    <system-out><![CDATA[===========================================================
Test Case is Skipped,Test Name is:	ClickonContactPage
===========================================================
]]></system-out>
  </testcase>
  <testcase name="ClickonContactPage" classname="com.qa.TestCase.DashBoardPageTest" time="0">
    <skipped message="The driver executable does not exist: C:\Automation\chromedriver_win32\chromedriver.exe"/>
  </testcase>
  <testcase name="ConsumerLogoTest" classname="com.qa.TestCase.CustomerHelpPageTest" time="0">
    <skipped message="The driver executable does not exist: C:\Automation\chromedriver_win32\chromedriver.exe"/>
  </testcase>
  <testcase name="getResult" classname="com.qa.TestCase.CustomerHelpPageTest" time="0">
    <skipped/>
    <system-out><![CDATA[===========================================================
Test Case is Skipped,Test Name is:	ConsumerLogoTest
===========================================================
]]></system-out>
  </testcase>
  <testcase name="getResult" classname="com.qa.TestCase.CustomerHelpPageTest" time="0">
    <skipped/>
    <system-out><![CDATA[===========================================================
Test Case is Skipped,Test Name is:	AmazonLogout
===========================================================
]]></system-out>
  </testcase>
  <testcase name="AmazonLogout" classname="com.qa.TestCase.CustomerHelpPageTest" time="0">
    <skipped message="The driver executable does not exist: C:\Automation\chromedriver_win32\chromedriver.exe"/>
  </testcase>
  <testcase name="Exit" classname="com.qa.TestCase.AmazonLoginPageTest" time="0">
    <skipped/>
  </testcase>
  <testcase name="endReport" classname="com.qa.TestCase.AmazonLoginPageTest" time="0">
    <skipped/>
  </testcase>
</testsuite>